# JRE version: Java(TM) SE Runtime Environment (9.0+11) (build 9.0.1+11)
# Java VM: Java HotSpot(TM) 64-Bit Server VM (9.0.1+11, mixed mode, tiered, compressed oops, g1 gc, windows-amd64)
Heap:
 garbage-first heap   total 271360K, used 123013K [0x0000000700000000, 0x0000000700100848, 0x00000007c0000000)
  region size 1024K, 58 young (59392K), 16 survivors (16384K)
 Metaspace       used 63964K, capacity 68736K, committed 69076K, reserved 1110016K
  class space    used 6948K, capacity 7767K, committed 7892K, reserved 1048576K
GC Heap History (10 events):
Event: 17.331 GC heap before
{Heap before GC invocations=29 (full 0):
 garbage-first heap   total 196608K, used 145552K [0x0000000700000000, 0x0000000700100600, 0x00000007c0000000)
  region size 1024K, 69 young (70656K), 4 survivors (4096K)
 Metaspace       used 36826K, capacity 37690K, committed 37840K, reserved 1083392K
  class space    used 3958K, capacity 4128K, committed 4224K, reserved 1048576K
}
Event: 17.352 GC heap after
{Heap after GC invocations=30 (full 0):
 garbage-first heap   total 196608K, used 27193K [0x0000000700000000, 0x0000000700100600, 0x00000007c0000000)
  region size 1024K, 11 young (11264K), 11 survivors (11264K)
 Metaspace       used 36826K, capacity 37690K, committed 37840K, reserved 1083392K
  class space    used 3958K, capacity 4128K, committed 4224K, reserved 1048576K
}
Event: 21.642 GC heap before
{Heap before GC invocations=31 (full 0):
 garbage-first heap   total 196608K, used 132665K [0x0000000700000000, 0x0000000700100600, 0x00000007c0000000)
  region size 1024K, 95 young (97280K), 11 survivors (11264K)
 Metaspace       used 51042K, capacity 53598K, committed 53888K, reserved 1097728K
  class space    used 5742K, capacity 6213K, committed 6272K, reserved 1048576K
}
Event: 21.677 GC heap after
{Heap after GC invocations=32 (full 0):
 garbage-first heap   total 271360K, used 46145K [0x0000000700000000, 0x0000000700100848, 0x00000007c0000000)
  region size 1024K, 12 young (12288K), 12 survivors (12288K)
 Metaspace       used 51042K, capacity 53598K, committed 53888K, reserved 1097728K
  class space    used 5742K, capacity 6213K, committed 6272K, reserved 1048576K
}
Event: 24.109 GC heap before
{Heap before GC invocations=32 (full 0):
 garbage-first heap   total 271360K, used 151617K [0x0000000700000000, 0x0000000700100848, 0x00000007c0000000)
  region size 1024K, 114 young (116736K), 12 survivors (12288K)
 Metaspace       used 54036K, capacity 57592K, committed 57728K, reserved 1099776K
  class space    used 6091K, capacity 6706K, committed 6784K, reserved 1048576K
}
Event: 24.133 GC heap after
{Heap after GC invocations=33 (full 0):
 garbage-first heap   total 271360K, used 58718K [0x0000000700000000, 0x0000000700100848, 0x00000007c0000000)
  region size 1024K, 14 young (14336K), 14 survivors (14336K)
 Metaspace       used 54036K, capacity 57592K, committed 57728K, reserved 1099776K
  class space    used 6091K, capacity 6706K, committed 6784K, reserved 1048576K
}
Event: 25.826 GC heap before
{Heap before GC invocations=33 (full 0):
 garbage-first heap   total 271360K, used 100702K [0x0000000700000000, 0x0000000700100848, 0x00000007c0000000)
  region size 1024K, 54 young (55296K), 14 survivors (14336K)
 Metaspace       used 58800K, capacity 63415K, committed 63488K, reserved 1105920K
  class space    used 6612K, capacity 7380K, committed 7424K, reserved 1048576K
}
Event: 25.846 GC heap after
{Heap after GC invocations=34 (full 0):
 garbage-first heap   total 271360K, used 63348K [0x0000000700000000, 0x0000000700100848, 0x00000007c0000000)
  region size 1024K, 5 young (5120K), 5 survivors (5120K)
 Metaspace       used 58800K, capacity 63415K, committed 63488K, reserved 1105920K
  class space    used 6612K, capacity 7380K, committed 7424K, reserved 1048576K
}
Event: 426.325 GC heap before
{Heap before GC invocations=35 (full 0):
 garbage-first heap   total 271360K, used 203636K [0x0000000700000000, 0x0000000700100848, 0x00000007c0000000)
  region size 1024K, 123 young (125952K), 5 survivors (5120K)
 Metaspace       used 63835K, capacity 68602K, committed 68820K, reserved 1110016K
  class space    used 6947K, capacity 7766K, committed 7892K, reserved 1048576K
}
Event: 426.342 GC heap after
{Heap after GC invocations=36 (full 0):
 garbage-first heap   total 271360K, used 89221K [0x0000000700000000, 0x0000000700100848, 0x00000007c0000000)
  region size 1024K, 16 young (16384K), 16 survivors (16384K)
 Metaspace       used 63835K, capacity 68602K, committed 68820K, reserved 1110016K
  class space    used 6947K, capacity 7766K, committed 7892K, reserved 1048576K
}

