# JRE version: Java(TM) SE Runtime Environment (9.0+11) (build 9.0.1+11)
# Java VM: Java HotSpot(TM) 64-Bit Server VM (9.0.1+11, mixed mode, tiered, compressed oops, g1 gc, windows-amd64)
Heap:
 garbage-first heap   total 236544K, used 34960K [0x0000000700000000, 0x0000000700100738, 0x00000007c0000000)
  region size 1024K, 3 young (3072K), 3 survivors (3072K)
 Metaspace       used 34664K, capacity 35960K, committed 36016K, reserved 1089536K
  class space    used 3827K, capacity 4235K, committed 4272K, reserved 1048576K
GC Heap History (10 events):
Event: 21.430 GC heap after
{Heap after GC invocations=15 (full 0):
 garbage-first heap   total 236544K, used 33543K [0x0000000700000000, 0x0000000700100738, 0x00000007c0000000)
  region size 1024K, 1 young (1024K), 1 survivors (1024K)
 Metaspace       used 33964K, capacity 35146K, committed 35376K, reserved 1081344K
  class space    used 3744K, capacity 4114K, committed 4144K, reserved 1048576K
}
Event: 21.542 GC heap before
{Heap before GC invocations=15 (full 0):
 garbage-first heap   total 236544K, used 173831K [0x0000000700000000, 0x0000000700100738, 0x00000007c0000000)
  region size 1024K, 138 young (141312K), 1 survivors (1024K)
 Metaspace       used 33964K, capacity 35146K, committed 35376K, reserved 1081344K
  class space    used 3744K, capacity 4114K, committed 4144K, reserved 1048576K
}
Event: 21.545 GC heap after
{Heap after GC invocations=16 (full 0):
 garbage-first heap   total 236544K, used 33998K [0x0000000700000000, 0x0000000700100738, 0x00000007c0000000)
  region size 1024K, 2 young (2048K), 2 survivors (2048K)
 Metaspace       used 33964K, capacity 35146K, committed 35376K, reserved 1081344K
  class space    used 3744K, capacity 4114K, committed 4144K, reserved 1048576K
}
Event: 21.600 GC heap before
{Heap before GC invocations=16 (full 0):
 garbage-first heap   total 236544K, used 113870K [0x0000000700000000, 0x0000000700100738, 0x00000007c0000000)
  region size 1024K, 9 young (9216K), 2 survivors (2048K)
 Metaspace       used 33964K, capacity 35146K, committed 35376K, reserved 1081344K
  class space    used 3744K, capacity 4114K, committed 4144K, reserved 1048576K
}
Event: 21.603 GC heap after
{Heap after GC invocations=17 (full 0):
 garbage-first heap   total 236544K, used 34529K [0x0000000700000000, 0x0000000700100738, 0x00000007c0000000)
  region size 1024K, 1 young (1024K), 1 survivors (1024K)
 Metaspace       used 33964K, capacity 35146K, committed 35376K, reserved 1081344K
  class space    used 3744K, capacity 4114K, committed 4144K, reserved 1048576K
}
Event: 21.734 GC heap before
{Heap before GC invocations=18 (full 0):
 garbage-first heap   total 236544K, used 107233K [0x0000000700000000, 0x0000000700100738, 0x00000007c0000000)
  region size 1024K, 1 young (1024K), 1 survivors (1024K)
 Metaspace       used 33964K, capacity 35146K, committed 35376K, reserved 1081344K
  class space    used 3744K, capacity 4114K, committed 4144K, reserved 1048576K
}
Event: 21.737 GC heap after
{Heap after GC invocations=19 (full 0):
 garbage-first heap   total 236544K, used 34454K [0x0000000700000000, 0x0000000700100738, 0x00000007c0000000)
  region size 1024K, 1 young (1024K), 1 survivors (1024K)
 Metaspace       used 33964K, capacity 35146K, committed 35376K, reserved 1081344K
  class space    used 3744K, capacity 4114K, committed 4144K, reserved 1048576K
}
Event: 22.200 GC heap before
{Heap before GC invocations=20 (full 0):
 garbage-first heap   total 236544K, used 107158K [0x0000000700000000, 0x0000000700100738, 0x00000007c0000000)
  region size 1024K, 65 young (66560K), 1 survivors (1024K)
 Metaspace       used 34664K, capacity 35960K, committed 36016K, reserved 1087488K
  class space    used 3827K, capacity 4235K, committed 4272K, reserved 1048576K
}
Event: 22.205 GC heap after
{Heap after GC invocations=21 (full 0):
 garbage-first heap   total 236544K, used 34960K [0x0000000700000000, 0x0000000700100738, 0x00000007c0000000)
  region size 1024K, 3 young (3072K), 3 survivors (3072K)
 Metaspace       used 34664K, capacity 35960K, committed 36016K, reserved 1087488K
  class space    used 3827K, capacity 4235K, committed 4272K, reserved 1048576K
}
Event: 22.205 GC heap before
{Heap before GC invocations=21 (full 0):
 garbage-first heap   total 236544K, used 34960K [0x0000000700000000, 0x0000000700100738, 0x00000007c0000000)
  region size 1024K, 3 young (3072K), 3 survivors (3072K)
 Metaspace       used 34664K, capacity 35960K, committed 36016K, reserved 1089536K
  class space    used 3827K, capacity 4235K, committed 4272K, reserved 1048576K
}

