# JRE version: Java(TM) SE Runtime Environment (9.0+11) (build 9.0.1+11)
# Java VM: Java HotSpot(TM) 64-Bit Server VM (9.0.1+11, mixed mode, tiered, compressed oops, g1 gc, windows-amd64)
Heap:
 garbage-first heap   total 320512K, used 241978K [0x0000000700000000, 0x00000007001009c8, 0x00000007c0000000)
  region size 1024K, 145 young (148480K), 8 survivors (8192K)
 Metaspace       used 64013K, capacity 68806K, committed 69068K, reserved 1110016K
  class space    used 6965K, capacity 7763K, committed 7884K, reserved 1048576K
GC Heap History (10 events):
Event: 26.241 GC heap before
{Heap before GC invocations=29 (full 0):
 garbage-first heap   total 196608K, used 155575K [0x0000000700000000, 0x0000000700100600, 0x00000007c0000000)
  region size 1024K, 72 young (73728K), 8 survivors (8192K)
 Metaspace       used 36354K, capacity 37368K, committed 37416K, reserved 1083392K
  class space    used 3976K, capacity 4176K, committed 4224K, reserved 1048576K
}
Event: 26.263 GC heap after
{Heap after GC invocations=30 (full 0):
 garbage-first heap   total 196608K, used 21566K [0x0000000700000000, 0x0000000700100600, 0x00000007c0000000)
  region size 1024K, 14 young (14336K), 14 survivors (14336K)
 Metaspace       used 36354K, capacity 37368K, committed 37416K, reserved 1083392K
  class space    used 3976K, capacity 4176K, committed 4224K, reserved 1048576K
}
Event: 30.950 GC heap before
{Heap before GC invocations=31 (full 0):
 garbage-first heap   total 196608K, used 133182K [0x0000000700000000, 0x0000000700100600, 0x00000007c0000000)
  region size 1024K, 109 young (111616K), 14 survivors (14336K)
 Metaspace       used 50213K, capacity 52926K, committed 52992K, reserved 1095680K
  class space    used 5617K, capacity 6140K, committed 6144K, reserved 1048576K
}
Event: 30.987 GC heap after
{Heap after GC invocations=32 (full 0):
 garbage-first heap   total 196608K, used 45353K [0x0000000700000000, 0x0000000700100600, 0x00000007c0000000)
  region size 1024K, 14 young (14336K), 14 survivors (14336K)
 Metaspace       used 50213K, capacity 52926K, committed 52992K, reserved 1095680K
  class space    used 5617K, capacity 6140K, committed 6144K, reserved 1048576K
}
Event: 31.769 GC heap before
{Heap before GC invocations=32 (full 0):
 garbage-first heap   total 196608K, used 128297K [0x0000000700000000, 0x0000000700100600, 0x00000007c0000000)
  region size 1024K, 95 young (97280K), 14 survivors (14336K)
 Metaspace       used 50736K, capacity 53534K, committed 53888K, reserved 1097728K
  class space    used 5665K, capacity 6166K, committed 6272K, reserved 1048576K
}
Event: 31.796 GC heap after
{Heap after GC invocations=33 (full 0):
 garbage-first heap   total 320512K, used 59392K [0x0000000700000000, 0x00000007001009c8, 0x00000007c0000000)
  region size 1024K, 12 young (12288K), 12 survivors (12288K)
 Metaspace       used 50736K, capacity 53534K, committed 53888K, reserved 1097728K
  class space    used 5665K, capacity 6166K, committed 6272K, reserved 1048576K
}
Event: 33.491 GC heap before
{Heap before GC invocations=33 (full 0):
 garbage-first heap   total 320512K, used 186368K [0x0000000700000000, 0x00000007001009c8, 0x00000007c0000000)
  region size 1024K, 136 young (139264K), 12 survivors (12288K)
 Metaspace       used 53221K, capacity 56894K, committed 57088K, reserved 1099776K
  class space    used 6002K, capacity 6614K, committed 6656K, reserved 1048576K
}
Event: 33.506 GC heap after
{Heap after GC invocations=34 (full 0):
 garbage-first heap   total 320512K, used 58368K [0x0000000700000000, 0x00000007001009c8, 0x00000007c0000000)
  region size 1024K, 4 young (4096K), 4 survivors (4096K)
 Metaspace       used 53221K, capacity 56894K, committed 57088K, reserved 1099776K
  class space    used 6002K, capacity 6614K, committed 6656K, reserved 1048576K
}
Event: 36.050 GC heap before
{Heap before GC invocations=34 (full 0):
 garbage-first heap   total 320512K, used 192512K [0x0000000700000000, 0x00000007001009c8, 0x00000007c0000000)
  region size 1024K, 134 young (137216K), 4 survivors (4096K)
 Metaspace       used 58090K, capacity 62695K, committed 62788K, reserved 1105920K
  class space    used 6620K, capacity 7385K, committed 7424K, reserved 1048576K
}
Event: 36.062 GC heap after
{Heap after GC invocations=35 (full 0):
 garbage-first heap   total 320512K, used 62778K [0x0000000700000000, 0x00000007001009c8, 0x00000007c0000000)
  region size 1024K, 8 young (8192K), 8 survivors (8192K)
 Metaspace       used 58090K, capacity 62695K, committed 62788K, reserved 1105920K
  class space    used 6620K, capacity 7385K, committed 7424K, reserved 1048576K
}

