# JRE version: Java(TM) SE Runtime Environment (9.0+11) (build 9.0.1+11)
# Java VM: Java HotSpot(TM) 64-Bit Server VM (9.0.1+11, mixed mode, tiered, compressed oops, g1 gc, windows-amd64)
Heap:
 garbage-first heap   total 378880K, used 114688K [0x0000000700000000, 0x0000000700100b90, 0x00000007c0000000)
  region size 1024K, 10 young (10240K), 10 survivors (10240K)
 Metaspace       used 58730K, capacity 63427K, committed 63496K, reserved 1105920K
  class space    used 6719K, capacity 7458K, committed 7480K, reserved 1048576K
GC Heap History (10 events):
Event: 6.099 GC heap after
{Heap after GC invocations=28 (full 0):
 garbage-first heap   total 236544K, used 17631K [0x0000000700000000, 0x0000000700100738, 0x00000007c0000000)
  region size 1024K, 4 young (4096K), 4 survivors (4096K)
 Metaspace       used 21788K, capacity 22324K, committed 22448K, reserved 1069056K
  class space    used 2374K, capacity 2524K, committed 2560K, reserved 1048576K
}
Event: 9.327 GC heap before
{Heap before GC invocations=29 (full 0):
 garbage-first heap   total 236544K, used 84191K [0x0000000700000000, 0x0000000700100738, 0x00000007c0000000)
  region size 1024K, 63 young (64512K), 4 survivors (4096K)
 Metaspace       used 36728K, capacity 37787K, committed 37840K, reserved 1083392K
  class space    used 4059K, capacity 4299K, committed 4352K, reserved 1048576K
}
Event: 9.345 GC heap after
{Heap after GC invocations=30 (full 0):
 garbage-first heap   total 306176K, used 26527K [0x0000000700000000, 0x0000000700100958, 0x00000007c0000000)
  region size 1024K, 12 young (12288K), 12 survivors (12288K)
 Metaspace       used 36728K, capacity 37787K, committed 37840K, reserved 1083392K
  class space    used 4059K, capacity 4299K, committed 4352K, reserved 1048576K
}
Event: 14.190 GC heap before
{Heap before GC invocations=31 (full 0):
 garbage-first heap   total 306176K, used 154527K [0x0000000700000000, 0x0000000700100958, 0x00000007c0000000)
  region size 1024K, 126 young (129024K), 12 survivors (12288K)
 Metaspace       used 50895K, capacity 53807K, committed 53840K, reserved 1097728K
  class space    used 5713K, capacity 6258K, committed 6272K, reserved 1048576K
}
Event: 14.219 GC heap after
{Heap after GC invocations=32 (full 0):
 garbage-first heap   total 306176K, used 48525K [0x0000000700000000, 0x0000000700100958, 0x00000007c0000000)
  region size 1024K, 16 young (16384K), 16 survivors (16384K)
 Metaspace       used 50895K, capacity 53807K, committed 53840K, reserved 1097728K
  class space    used 5713K, capacity 6258K, committed 6272K, reserved 1048576K
}
Event: 15.823 GC heap before
{Heap before GC invocations=32 (full 0):
 garbage-first heap   total 306176K, used 200077K [0x0000000700000000, 0x0000000700100958, 0x00000007c0000000)
  region size 1024K, 163 young (166912K), 16 survivors (16384K)
 Metaspace       used 54346K, capacity 57887K, committed 58064K, reserved 1099776K
  class space    used 6158K, capacity 6786K, committed 6912K, reserved 1048576K
}
Event: 15.858 GC heap after
{Heap after GC invocations=33 (full 0):
 garbage-first heap   total 306176K, used 65009K [0x0000000700000000, 0x0000000700100958, 0x00000007c0000000)
  region size 1024K, 17 young (17408K), 17 survivors (17408K)
 Metaspace       used 54346K, capacity 57887K, committed 58064K, reserved 1099776K
  class space    used 6158K, capacity 6786K, committed 6912K, reserved 1048576K
}
Event: 17.313 GC heap before
{Heap before GC invocations=33 (full 0):
 garbage-first heap   total 306176K, used 220657K [0x0000000700000000, 0x0000000700100958, 0x00000007c0000000)
  region size 1024K, 151 young (154624K), 17 survivors (17408K)
 Metaspace       used 56600K, capacity 60629K, committed 60880K, reserved 1103872K
  class space    used 6458K, capacity 7131K, committed 7168K, reserved 1048576K
}
Event: 17.338 GC heap after
{Heap after GC invocations=34 (full 0):
 garbage-first heap   total 306176K, used 90624K [0x0000000700000000, 0x0000000700100958, 0x00000007c0000000)
  region size 1024K, 11 young (11264K), 11 survivors (11264K)
 Metaspace       used 56600K, capacity 60629K, committed 60880K, reserved 1103872K
  class space    used 6458K, capacity 7131K, committed 7168K, reserved 1048576K
}
Event: 19.199 GC heap before
{Heap before GC invocations=34 (full 0):
 garbage-first heap   total 306176K, used 157184K [0x0000000700000000, 0x0000000700100958, 0x00000007c0000000)
  region size 1024K, 61 young (62464K), 11 survivors (11264K)
 Metaspace       used 58730K, capacity 63427K, committed 63496K, reserved 1105920K
  class space    used 6719K, capacity 7458K, committed 7480K, reserved 1048576K
}

