# JRE version: Java(TM) SE Runtime Environment (9.0+11) (build 9.0.1+11)
# Java VM: Java HotSpot(TM) 64-Bit Server VM (9.0.1+11, mixed mode, tiered, compressed oops, g1 gc, windows-amd64)
Heap:
 garbage-first heap   total 283648K, used 97488K [0x0000000700000000, 0x00000007001008a8, 0x00000007c0000000)
  region size 1024K, 1 young (1024K), 1 survivors (1024K)
 Metaspace       used 55442K, capacity 59338K, committed 59392K, reserved 1107968K
  class space    used 6234K, capacity 6901K, committed 6912K, reserved 1048576K
GC Heap History (10 events):
Event: 17.708 GC heap after
{Heap after GC invocations=46 (full 1):
 garbage-first heap   total 147456K, used 62790K [0x0000000700000000, 0x0000000700100480, 0x00000007c0000000)
  region size 1024K, 1 young (1024K), 1 survivors (1024K)
 Metaspace       used 52759K, capacity 55954K, committed 56192K, reserved 1105920K
  class space    used 5926K, capacity 6495K, committed 6528K, reserved 1048576K
}
Event: 18.315 GC heap before
{Heap before GC invocations=46 (full 1):
 garbage-first heap   total 147456K, used 93510K [0x0000000700000000, 0x0000000700100480, 0x00000007c0000000)
  region size 1024K, 31 young (31744K), 1 survivors (1024K)
 Metaspace       used 53968K, capacity 57468K, committed 57728K, reserved 1105920K
  class space    used 6096K, capacity 6690K, committed 6784K, reserved 1048576K
}
Event: 18.326 GC heap after
{Heap after GC invocations=47 (full 1):
 garbage-first heap   total 177152K, used 68329K [0x0000000700000000, 0x0000000700100568, 0x00000007c0000000)
  region size 1024K, 4 young (4096K), 4 survivors (4096K)
 Metaspace       used 53968K, capacity 57468K, committed 57728K, reserved 1105920K
  class space    used 6096K, capacity 6690K, committed 6784K, reserved 1048576K
}
Event: 18.523 GC heap before
{Heap before GC invocations=47 (full 1):
 garbage-first heap   total 177152K, used 110313K [0x0000000700000000, 0x0000000700100568, 0x00000007c0000000)
  region size 1024K, 45 young (46080K), 4 survivors (4096K)
 Metaspace       used 54106K, capacity 57616K, committed 57728K, reserved 1105920K
  class space    used 6109K, capacity 6706K, committed 6784K, reserved 1048576K
}
Event: 18.536 GC heap after
{Heap after GC invocations=48 (full 1):
 garbage-first heap   total 177152K, used 73892K [0x0000000700000000, 0x0000000700100568, 0x00000007c0000000)
  region size 1024K, 6 young (6144K), 6 survivors (6144K)
 Metaspace       used 54106K, capacity 57616K, committed 57728K, reserved 1105920K
  class space    used 6109K, capacity 6706K, committed 6784K, reserved 1048576K
}
Event: 18.614 GC heap before
{Heap before GC invocations=48 (full 1):
 garbage-first heap   total 177152K, used 86180K [0x0000000700000000, 0x0000000700100568, 0x00000007c0000000)
  region size 1024K, 19 young (19456K), 6 survivors (6144K)
 Metaspace       used 54579K, capacity 58140K, committed 58240K, reserved 1107968K
  class space    used 6154K, capacity 6772K, committed 6784K, reserved 1048576K
}
Event: 18.629 GC heap after
{Heap after GC invocations=49 (full 1):
 garbage-first heap   total 177152K, used 77339K [0x0000000700000000, 0x0000000700100568, 0x00000007c0000000)
  region size 1024K, 4 young (4096K), 4 survivors (4096K)
 Metaspace       used 54579K, capacity 58140K, committed 58240K, reserved 1107968K
  class space    used 6154K, capacity 6772K, committed 6784K, reserved 1048576K
}
Event: 19.535 GC heap before
{Heap before GC invocations=50 (full 1):
 garbage-first heap   total 177152K, used 135707K [0x0000000700000000, 0x0000000700100568, 0x00000007c0000000)
  region size 1024K, 46 young (47104K), 4 survivors (4096K)
 Metaspace       used 55149K, capacity 58828K, committed 59136K, reserved 1107968K
  class space    used 6196K, capacity 6822K, committed 6912K, reserved 1048576K
}
Event: 19.548 GC heap after
{Heap after GC invocations=51 (full 1):
 garbage-first heap   total 177152K, used 96635K [0x0000000700000000, 0x0000000700100568, 0x00000007c0000000)
  region size 1024K, 6 young (6144K), 6 survivors (6144K)
 Metaspace       used 55149K, capacity 58828K, committed 59136K, reserved 1107968K
  class space    used 6196K, capacity 6822K, committed 6912K, reserved 1048576K
}
Event: 19.972 GC heap before
{Heap before GC invocations=51 (full 1):
 garbage-first heap   total 177152K, used 132475K [0x0000000700000000, 0x0000000700100568, 0x00000007c0000000)
  region size 1024K, 41 young (41984K), 6 survivors (6144K)
 Metaspace       used 55442K, capacity 59338K, committed 59392K, reserved 1107968K
  class space    used 6234K, capacity 6901K, committed 6912K, reserved 1048576K
}

