# JRE version: Java(TM) SE Runtime Environment (9.0+11) (build 9.0.1+11)
# Java VM: Java HotSpot(TM) 64-Bit Server VM (9.0.1+11, mixed mode, tiered, compressed oops, g1 gc, windows-amd64)
Heap:
 garbage-first heap   total 284672K, used 28456K [0x0000000700000000, 0x00000007001008b0, 0x00000007c0000000)
  region size 1024K, 21 young (21504K), 15 survivors (15360K)
 Metaspace       used 38565K, capacity 39800K, committed 40064K, reserved 1085440K
  class space    used 4196K, capacity 4443K, committed 4480K, reserved 1048576K
GC Heap History (10 events):
Event: 5.578 GC heap before
{Heap before GC invocations=21 (full 0):
 garbage-first heap   total 236544K, used 117561K [0x0000000700000000, 0x0000000700100738, 0x00000007c0000000)
  region size 1024K, 13 young (13312K), 5 survivors (5120K)
 Metaspace       used 21861K, capacity 22392K, committed 22704K, reserved 1069056K
  class space    used 2400K, capacity 2524K, committed 2560K, reserved 1048576K
}
Event: 5.583 GC heap after
{Heap after GC invocations=22 (full 0):
 garbage-first heap   total 236544K, used 18369K [0x0000000700000000, 0x0000000700100738, 0x00000007c0000000)
  region size 1024K, 5 young (5120K), 5 survivors (5120K)
 Metaspace       used 21861K, capacity 22392K, committed 22704K, reserved 1069056K
  class space    used 2400K, capacity 2524K, committed 2560K, reserved 1048576K
}
Event: 5.672 GC heap before
{Heap before GC invocations=23 (full 0):
 garbage-first heap   total 236544K, used 117697K [0x0000000700000000, 0x0000000700100738, 0x00000007c0000000)
  region size 1024K, 13 young (13312K), 5 survivors (5120K)
 Metaspace       used 21886K, capacity 22456K, committed 22704K, reserved 1069056K
  class space    used 2400K, capacity 2524K, committed 2560K, reserved 1048576K
}
Event: 5.676 GC heap after
{Heap after GC invocations=24 (full 0):
 garbage-first heap   total 236544K, used 18258K [0x0000000700000000, 0x0000000700100738, 0x00000007c0000000)
  region size 1024K, 5 young (5120K), 5 survivors (5120K)
 Metaspace       used 21886K, capacity 22456K, committed 22704K, reserved 1069056K
  class space    used 2400K, capacity 2524K, committed 2560K, reserved 1048576K
}
Event: 5.765 GC heap before
{Heap before GC invocations=25 (full 0):
 garbage-first heap   total 236544K, used 117586K [0x0000000700000000, 0x0000000700100738, 0x00000007c0000000)
  region size 1024K, 13 young (13312K), 5 survivors (5120K)
 Metaspace       used 21886K, capacity 22456K, committed 22704K, reserved 1069056K
  class space    used 2400K, capacity 2524K, committed 2560K, reserved 1048576K
}
Event: 5.769 GC heap after
{Heap after GC invocations=26 (full 0):
 garbage-first heap   total 236544K, used 18392K [0x0000000700000000, 0x0000000700100738, 0x00000007c0000000)
  region size 1024K, 5 young (5120K), 5 survivors (5120K)
 Metaspace       used 21886K, capacity 22456K, committed 22704K, reserved 1069056K
  class space    used 2400K, capacity 2524K, committed 2560K, reserved 1048576K
}
Event: 5.844 GC heap before
{Heap before GC invocations=27 (full 0):
 garbage-first heap   total 236544K, used 117720K [0x0000000700000000, 0x0000000700100738, 0x00000007c0000000)
  region size 1024K, 13 young (13312K), 5 survivors (5120K)
 Metaspace       used 21886K, capacity 22456K, committed 22704K, reserved 1069056K
  class space    used 2400K, capacity 2524K, committed 2560K, reserved 1048576K
}
Event: 5.850 GC heap after
{Heap after GC invocations=28 (full 0):
 garbage-first heap   total 284672K, used 18122K [0x0000000700000000, 0x00000007001008b0, 0x00000007c0000000)
  region size 1024K, 5 young (5120K), 5 survivors (5120K)
 Metaspace       used 21886K, capacity 22456K, committed 22704K, reserved 1069056K
  class space    used 2400K, capacity 2524K, committed 2560K, reserved 1048576K
}
Event: 9.731 GC heap before
{Heap before GC invocations=29 (full 0):
 garbage-first heap   total 284672K, used 115402K [0x0000000700000000, 0x00000007001008b0, 0x00000007c0000000)
  region size 1024K, 75 young (76800K), 5 survivors (5120K)
 Metaspace       used 36804K, capacity 37710K, committed 37840K, reserved 1083392K
  class space    used 3966K, capacity 4132K, committed 4224K, reserved 1048576K
}
Event: 9.754 GC heap after
{Heap after GC invocations=30 (full 0):
 garbage-first heap   total 284672K, used 23336K [0x0000000700000000, 0x00000007001008b0, 0x00000007c0000000)
  region size 1024K, 15 young (15360K), 15 survivors (15360K)
 Metaspace       used 36804K, capacity 37710K, committed 37840K, reserved 1083392K
  class space    used 3966K, capacity 4132K, committed 4224K, reserved 1048576K
}

