# JRE version: Java(TM) SE Runtime Environment (9.0+11) (build 9.0.1+11)
# Java VM: Java HotSpot(TM) 64-Bit Server VM (9.0.1+11, mixed mode, tiered, compressed oops, g1 gc, windows-amd64)
Heap:
 garbage-first heap   total 236544K, used 56522K [0x0000000700000000, 0x0000000700100738, 0x00000007c0000000)
  region size 1024K, 36 young (36864K), 4 survivors (4096K)
 Metaspace       used 29760K, capacity 30466K, committed 30720K, reserved 1079296K
  class space    used 3080K, capacity 3262K, committed 3328K, reserved 1048576K
GC Heap History (10 events):
Event: 5.619 GC heap before
{Heap before GC invocations=19 (full 0):
 garbage-first heap   total 196608K, used 95997K [0x0000000700000000, 0x0000000700100600, 0x00000007c0000000)
  region size 1024K, 10 young (10240K), 3 survivors (3072K)
 Metaspace       used 21781K, capacity 22320K, committed 22448K, reserved 1069056K
  class space    used 2381K, capacity 2524K, committed 2560K, reserved 1048576K
}
Event: 5.621 GC heap after
{Heap after GC invocations=20 (full 0):
 garbage-first heap   total 196608K, used 16506K [0x0000000700000000, 0x0000000700100600, 0x00000007c0000000)
  region size 1024K, 3 young (3072K), 3 survivors (3072K)
 Metaspace       used 21781K, capacity 22320K, committed 22448K, reserved 1069056K
  class space    used 2381K, capacity 2524K, committed 2560K, reserved 1048576K
}
Event: 5.693 GC heap before
{Heap before GC invocations=21 (full 0):
 garbage-first heap   total 196608K, used 96378K [0x0000000700000000, 0x0000000700100600, 0x00000007c0000000)
  region size 1024K, 10 young (10240K), 3 survivors (3072K)
 Metaspace       used 21791K, capacity 22320K, committed 22448K, reserved 1069056K
  class space    used 2381K, capacity 2524K, committed 2560K, reserved 1048576K
}
Event: 5.696 GC heap after
{Heap after GC invocations=22 (full 0):
 garbage-first heap   total 236544K, used 16591K [0x0000000700000000, 0x0000000700100738, 0x00000007c0000000)
  region size 1024K, 3 young (3072K), 3 survivors (3072K)
 Metaspace       used 21791K, capacity 22320K, committed 22448K, reserved 1069056K
  class space    used 2381K, capacity 2524K, committed 2560K, reserved 1048576K
}
Event: 5.790 GC heap before
{Heap before GC invocations=23 (full 0):
 garbage-first heap   total 236544K, used 115919K [0x0000000700000000, 0x0000000700100738, 0x00000007c0000000)
  region size 1024K, 11 young (11264K), 3 survivors (3072K)
 Metaspace       used 21814K, capacity 22384K, committed 22704K, reserved 1069056K
  class space    used 2381K, capacity 2524K, committed 2560K, reserved 1048576K
}
Event: 5.794 GC heap after
{Heap after GC invocations=24 (full 0):
 garbage-first heap   total 236544K, used 16970K [0x0000000700000000, 0x0000000700100738, 0x00000007c0000000)
  region size 1024K, 3 young (3072K), 3 survivors (3072K)
 Metaspace       used 21814K, capacity 22384K, committed 22704K, reserved 1069056K
  class space    used 2381K, capacity 2524K, committed 2560K, reserved 1048576K
}
Event: 5.871 GC heap before
{Heap before GC invocations=25 (full 0):
 garbage-first heap   total 236544K, used 116298K [0x0000000700000000, 0x0000000700100738, 0x00000007c0000000)
  region size 1024K, 11 young (11264K), 3 survivors (3072K)
 Metaspace       used 21814K, capacity 22384K, committed 22704K, reserved 1069056K
  class space    used 2381K, capacity 2524K, committed 2560K, reserved 1048576K
}
Event: 5.874 GC heap after
{Heap after GC invocations=26 (full 0):
 garbage-first heap   total 236544K, used 17264K [0x0000000700000000, 0x0000000700100738, 0x00000007c0000000)
  region size 1024K, 4 young (4096K), 4 survivors (4096K)
 Metaspace       used 21814K, capacity 22384K, committed 22704K, reserved 1069056K
  class space    used 2381K, capacity 2524K, committed 2560K, reserved 1048576K
}
Event: 5.962 GC heap before
{Heap before GC invocations=27 (full 0):
 garbage-first heap   total 236544K, used 116592K [0x0000000700000000, 0x0000000700100738, 0x00000007c0000000)
  region size 1024K, 12 young (12288K), 4 survivors (4096K)
 Metaspace       used 21814K, capacity 22384K, committed 22704K, reserved 1069056K
  class space    used 2381K, capacity 2524K, committed 2560K, reserved 1048576K
}
Event: 5.965 GC heap after
{Heap after GC invocations=28 (full 0):
 garbage-first heap   total 236544K, used 17610K [0x0000000700000000, 0x0000000700100738, 0x00000007c0000000)
  region size 1024K, 4 young (4096K), 4 survivors (4096K)
 Metaspace       used 21814K, capacity 22384K, committed 22704K, reserved 1069056K
  class space    used 2381K, capacity 2524K, committed 2560K, reserved 1048576K
}

