# JRE version: Java(TM) SE Runtime Environment (9.0+11) (build 9.0.1+11)
# Java VM: Java HotSpot(TM) 64-Bit Server VM (9.0.1+11, mixed mode, tiered, compressed oops, g1 gc, windows-amd64)
Heap:
 garbage-first heap   total 388096K, used 253338K [0x0000000700000000, 0x0000000700100bd8, 0x00000007c0000000)
  region size 1024K, 164 young (167936K), 10 survivors (10240K)
 Metaspace       used 64861K, capacity 69948K, committed 70248K, reserved 1112064K
  class space    used 7131K, capacity 7979K, committed 8064K, reserved 1048576K
GC Heap History (10 events):
Event: 6.059 GC heap before
{Heap before GC invocations=22 (full 0):
 garbage-first heap   total 284672K, used 145164K [0x0000000700000000, 0x00000007001008b0, 0x00000007c0000000)
  region size 1024K, 18 young (18432K), 8 survivors (8192K)
 Metaspace       used 21931K, capacity 22452K, committed 22704K, reserved 1069056K
  class space    used 2398K, capacity 2524K, committed 2560K, reserved 1048576K
}
Event: 6.066 GC heap after
{Heap after GC invocations=23 (full 0):
 garbage-first heap   total 284672K, used 16221K [0x0000000700000000, 0x00000007001008b0, 0x00000007c0000000)
  region size 1024K, 8 young (8192K), 8 survivors (8192K)
 Metaspace       used 21931K, capacity 22452K, committed 22704K, reserved 1069056K
  class space    used 2398K, capacity 2524K, committed 2560K, reserved 1048576K
}
Event: 6.168 GC heap before
{Heap before GC invocations=24 (full 0):
 garbage-first heap   total 284672K, used 146269K [0x0000000700000000, 0x00000007001008b0, 0x00000007c0000000)
  region size 1024K, 19 young (19456K), 8 survivors (8192K)
 Metaspace       used 21931K, capacity 22452K, committed 22704K, reserved 1069056K
  class space    used 2398K, capacity 2524K, committed 2560K, reserved 1048576K
}
Event: 6.175 GC heap after
{Heap after GC invocations=25 (full 0):
 garbage-first heap   total 284672K, used 15678K [0x0000000700000000, 0x00000007001008b0, 0x00000007c0000000)
  region size 1024K, 8 young (8192K), 8 survivors (8192K)
 Metaspace       used 21931K, capacity 22452K, committed 22704K, reserved 1069056K
  class space    used 2398K, capacity 2524K, committed 2560K, reserved 1048576K
}
Event: 9.621 GC heap before
{Heap before GC invocations=26 (full 0):
 garbage-first heap   total 284672K, used 83262K [0x0000000700000000, 0x00000007001008b0, 0x00000007c0000000)
  region size 1024K, 71 young (72704K), 8 survivors (8192K)
 Metaspace       used 37153K, capacity 38192K, committed 38268K, reserved 1083392K
  class space    used 4072K, capacity 4305K, committed 4352K, reserved 1048576K
}
Event: 9.644 GC heap after
{Heap after GC invocations=27 (full 0):
 garbage-first heap   total 284672K, used 22489K [0x0000000700000000, 0x00000007001008b0, 0x00000007c0000000)
  region size 1024K, 17 young (17408K), 17 survivors (17408K)
 Metaspace       used 37153K, capacity 38192K, committed 38268K, reserved 1083392K
  class space    used 4072K, capacity 4305K, committed 4352K, reserved 1048576K
}
Event: 15.037 GC heap before
{Heap before GC invocations=28 (full 0):
 garbage-first heap   total 284672K, used 168921K [0x0000000700000000, 0x00000007001008b0, 0x00000007c0000000)
  region size 1024K, 138 young (141312K), 17 survivors (17408K)
 Metaspace       used 51957K, capacity 55146K, committed 55424K, reserved 1097728K
  class space    used 5871K, capacity 6425K, committed 6528K, reserved 1048576K
}
Event: 15.086 GC heap after
{Heap after GC invocations=29 (full 0):
 garbage-first heap   total 388096K, used 73698K [0x0000000700000000, 0x0000000700100bd8, 0x00000007c0000000)
  region size 1024K, 18 young (18432K), 18 survivors (18432K)
 Metaspace       used 51957K, capacity 55146K, committed 55424K, reserved 1097728K
  class space    used 5871K, capacity 6425K, committed 6528K, reserved 1048576K
}
Event: 19.046 GC heap before
{Heap before GC invocations=29 (full 0):
 garbage-first heap   total 388096K, used 183266K [0x0000000700000000, 0x0000000700100bd8, 0x00000007c0000000)
  region size 1024K, 123 young (125952K), 18 survivors (18432K)
 Metaspace       used 59506K, capacity 64078K, committed 64208K, reserved 1105920K
  class space    used 6699K, capacity 7448K, committed 7552K, reserved 1048576K
}
Event: 19.072 GC heap after
{Heap after GC invocations=30 (full 0):
 garbage-first heap   total 388096K, used 73114K [0x0000000700000000, 0x0000000700100bd8, 0x00000007c0000000)
  region size 1024K, 10 young (10240K), 10 survivors (10240K)
 Metaspace       used 59506K, capacity 64078K, committed 64208K, reserved 1105920K
  class space    used 6699K, capacity 7448K, committed 7552K, reserved 1048576K
}

