# JRE version: Java(TM) SE Runtime Environment (9.0+11) (build 9.0.1+11)
# Java VM: Java HotSpot(TM) 64-Bit Server VM (9.0.1+11, mixed mode, tiered, compressed oops, g1 gc, windows-amd64)
Heap:
 garbage-first heap   total 583680K, used 281018K [0x0000000700000000, 0x00000007001011d0, 0x00000007c0000000)
  region size 1024K, 7 young (7168K), 7 survivors (7168K)
 Metaspace       used 65072K, capacity 70142K, committed 70272K, reserved 1112064K
  class space    used 7086K, capacity 7950K, committed 8064K, reserved 1048576K
GC Heap History (10 events):
Event: 91.316 GC heap after
{Heap after GC invocations=62 (full 0):
 garbage-first heap   total 284672K, used 232127K [0x0000000700000000, 0x00000007001008b0, 0x00000007c0000000)
  region size 1024K, 3 young (3072K), 3 survivors (3072K)
 Metaspace       used 65059K, capacity 70142K, committed 70272K, reserved 1112064K
  class space    used 7086K, capacity 7950K, committed 8064K, reserved 1048576K
}
Event: 91.328 GC heap before
{Heap before GC invocations=62 (full 0):
 garbage-first heap   total 284672K, used 242367K [0x0000000700000000, 0x00000007001008b0, 0x00000007c0000000)
  region size 1024K, 13 young (13312K), 3 survivors (3072K)
 Metaspace       used 65059K, capacity 70142K, committed 70272K, reserved 1112064K
  class space    used 7086K, capacity 7950K, committed 8064K, reserved 1048576K
}
Event: 91.342 GC heap after
{Heap after GC invocations=63 (full 0):
 garbage-first heap   total 389120K, used 229567K [0x0000000700000000, 0x0000000700100be0, 0x00000007c0000000)
  region size 1024K, 2 young (2048K), 2 survivors (2048K)
 Metaspace       used 65059K, capacity 70142K, committed 70272K, reserved 1112064K
  class space    used 7086K, capacity 7950K, committed 8064K, reserved 1048576K
}
Event: 91.412 GC heap before
{Heap before GC invocations=63 (full 0):
 garbage-first heap   total 389120K, used 259263K [0x0000000700000000, 0x0000000700100be0, 0x00000007c0000000)
  region size 1024K, 32 young (32768K), 2 survivors (2048K)
 Metaspace       used 65060K, capacity 70142K, committed 70272K, reserved 1112064K
  class space    used 7086K, capacity 7950K, committed 8064K, reserved 1048576K
}
Event: 91.425 GC heap after
{Heap after GC invocations=64 (full 0):
 garbage-first heap   total 389120K, used 234391K [0x0000000700000000, 0x0000000700100be0, 0x00000007c0000000)
  region size 1024K, 7 young (7168K), 7 survivors (7168K)
 Metaspace       used 65060K, capacity 70142K, committed 70272K, reserved 1112064K
  class space    used 7086K, capacity 7950K, committed 8064K, reserved 1048576K
}
Event: 92.020 GC heap before
{Heap before GC invocations=65 (full 0):
 garbage-first heap   total 389120K, used 310167K [0x0000000700000000, 0x0000000700100be0, 0x00000007c0000000)
  region size 1024K, 66 young (67584K), 7 survivors (7168K)
 Metaspace       used 65068K, capacity 70142K, committed 70272K, reserved 1112064K
  class space    used 7086K, capacity 7950K, committed 8064K, reserved 1048576K
}
Event: 92.036 GC heap after
{Heap after GC invocations=66 (full 0):
 garbage-first heap   total 389120K, used 254707K [0x0000000700000000, 0x0000000700100be0, 0x00000007c0000000)
  region size 1024K, 8 young (8192K), 8 survivors (8192K)
 Metaspace       used 65068K, capacity 70142K, committed 70272K, reserved 1112064K
  class space    used 7086K, capacity 7950K, committed 8064K, reserved 1048576K
}
Event: 92.072 GC heap before
{Heap before GC invocations=66 (full 0):
 garbage-first heap   total 389120K, used 285427K [0x0000000700000000, 0x0000000700100be0, 0x00000007c0000000)
  region size 1024K, 39 young (39936K), 8 survivors (8192K)
 Metaspace       used 65069K, capacity 70142K, committed 70272K, reserved 1112064K
  class space    used 7086K, capacity 7950K, committed 8064K, reserved 1048576K
}
Event: 92.088 GC heap after
{Heap after GC invocations=67 (full 0):
 garbage-first heap   total 389120K, used 260245K [0x0000000700000000, 0x0000000700100be0, 0x00000007c0000000)
  region size 1024K, 6 young (6144K), 6 survivors (6144K)
 Metaspace       used 65069K, capacity 70142K, committed 70272K, reserved 1112064K
  class space    used 7086K, capacity 7950K, committed 8064K, reserved 1048576K
}
Event: 92.632 GC heap before
{Heap before GC invocations=68 (full 0):
 garbage-first heap   total 389120K, used 325781K [0x0000000700000000, 0x0000000700100be0, 0x00000007c0000000)
  region size 1024K, 55 young (56320K), 6 survivors (6144K)
 Metaspace       used 65072K, capacity 70142K, committed 70272K, reserved 1112064K
  class space    used 7086K, capacity 7950K, committed 8064K, reserved 1048576K
}

