# JRE version: Java(TM) SE Runtime Environment (9.0+11) (build 9.0.1+11)
# Java VM: Java HotSpot(TM) 64-Bit Server VM (9.0.1+11, mixed mode, tiered, compressed oops, g1 gc, windows-amd64)
Heap:
 garbage-first heap   total 356352K, used 76686K [0x0000000700000000, 0x0000000700100ae0, 0x00000007c0000000)
  region size 1024K, 20 young (20480K), 20 survivors (20480K)
 Metaspace       used 52648K, capacity 55712K, committed 55888K, reserved 1099776K
  class space    used 5913K, capacity 6476K, committed 6528K, reserved 1048576K
GC Heap History (10 events):
Event: 5.627 GC heap after
{Heap after GC invocations=18 (full 0):
 garbage-first heap   total 236544K, used 15834K [0x0000000700000000, 0x0000000700100738, 0x00000007c0000000)
  region size 1024K, 8 young (8192K), 8 survivors (8192K)
 Metaspace       used 21913K, capacity 22392K, committed 22704K, reserved 1069056K
  class space    used 2402K, capacity 2524K, committed 2560K, reserved 1048576K
}
Event: 5.714 GC heap before
{Heap before GC invocations=19 (full 0):
 garbage-first heap   total 236544K, used 122330K [0x0000000700000000, 0x0000000700100738, 0x00000007c0000000)
  region size 1024K, 17 young (17408K), 8 survivors (8192K)
 Metaspace       used 21928K, capacity 22456K, committed 22704K, reserved 1069056K
  class space    used 2402K, capacity 2524K, committed 2560K, reserved 1048576K
}
Event: 5.722 GC heap after
{Heap after GC invocations=20 (full 0):
 garbage-first heap   total 284672K, used 16384K [0x0000000700000000, 0x00000007001008b0, 0x00000007c0000000)
  region size 1024K, 8 young (8192K), 8 survivors (8192K)
 Metaspace       used 21928K, capacity 22456K, committed 22704K, reserved 1069056K
  class space    used 2402K, capacity 2524K, committed 2560K, reserved 1048576K
}
Event: 5.885 GC heap before
{Heap before GC invocations=21 (full 0):
 garbage-first heap   total 284672K, used 145408K [0x0000000700000000, 0x00000007001008b0, 0x00000007c0000000)
  region size 1024K, 18 young (18432K), 8 survivors (8192K)
 Metaspace       used 21952K, capacity 22456K, committed 22704K, reserved 1069056K
  class space    used 2402K, capacity 2524K, committed 2560K, reserved 1048576K
}
Event: 5.895 GC heap after
{Heap after GC invocations=22 (full 0):
 garbage-first heap   total 284672K, used 15873K [0x0000000700000000, 0x00000007001008b0, 0x00000007c0000000)
  region size 1024K, 8 young (8192K), 8 survivors (8192K)
 Metaspace       used 21952K, capacity 22456K, committed 22704K, reserved 1069056K
  class space    used 2402K, capacity 2524K, committed 2560K, reserved 1048576K
}
Event: 5.989 GC heap before
{Heap before GC invocations=23 (full 0):
 garbage-first heap   total 284672K, used 144897K [0x0000000700000000, 0x00000007001008b0, 0x00000007c0000000)
  region size 1024K, 18 young (18432K), 8 survivors (8192K)
 Metaspace       used 21952K, capacity 22456K, committed 22704K, reserved 1069056K
  class space    used 2402K, capacity 2524K, committed 2560K, reserved 1048576K
}
Event: 5.997 GC heap after
{Heap after GC invocations=24 (full 0):
 garbage-first heap   total 284672K, used 16238K [0x0000000700000000, 0x00000007001008b0, 0x00000007c0000000)
  region size 1024K, 8 young (8192K), 8 survivors (8192K)
 Metaspace       used 21952K, capacity 22456K, committed 22704K, reserved 1069056K
  class space    used 2402K, capacity 2524K, committed 2560K, reserved 1048576K
}
Event: 9.214 GC heap before
{Heap before GC invocations=25 (full 0):
 garbage-first heap   total 284672K, used 161646K [0x0000000700000000, 0x00000007001008b0, 0x00000007c0000000)
  region size 1024K, 72 young (73728K), 8 survivors (8192K)
 Metaspace       used 36700K, capacity 37762K, committed 37840K, reserved 1083392K
  class space    used 4048K, capacity 4296K, committed 4352K, reserved 1048576K
}
Event: 9.236 GC heap after
{Heap after GC invocations=26 (full 0):
 garbage-first heap   total 284672K, used 21832K [0x0000000700000000, 0x00000007001008b0, 0x00000007c0000000)
  region size 1024K, 17 young (17408K), 17 survivors (17408K)
 Metaspace       used 36700K, capacity 37762K, committed 37840K, reserved 1083392K
  class space    used 4048K, capacity 4296K, committed 4352K, reserved 1048576K
}
Event: 18.104 GC heap before
{Heap before GC invocations=27 (full 0):
 garbage-first heap   total 284672K, used 178504K [0x0000000700000000, 0x00000007001008b0, 0x00000007c0000000)
  region size 1024K, 156 young (159744K), 17 survivors (17408K)
 Metaspace       used 52648K, capacity 55712K, committed 55888K, reserved 1099776K
  class space    used 5913K, capacity 6476K, committed 6528K, reserved 1048576K
}

