# JRE version: Java(TM) SE Runtime Environment (9.0+11) (build 9.0.1+11)
# Java VM: Java HotSpot(TM) 64-Bit Server VM (9.0.1+11, mixed mode, tiered, compressed oops, g1 gc, windows-amd64)
Heap:
 garbage-first heap   total 278528K, used 62150K [0x0000000700000000, 0x0000000700100880, 0x00000007c0000000)
  region size 1024K, 13 young (13312K), 13 survivors (13312K)
 Metaspace       used 50072K, capacity 52656K, committed 52764K, reserved 1101824K
  class space    used 5660K, capacity 6170K, committed 6220K, reserved 1048576K
GC Heap History (10 events):
Event: 7.395 GC heap after
{Heap after GC invocations=22 (full 0):
 garbage-first heap   total 196608K, used 16760K [0x0000000700000000, 0x0000000700100600, 0x00000007c0000000)
  region size 1024K, 3 young (3072K), 3 survivors (3072K)
 Metaspace       used 21867K, capacity 22388K, committed 22704K, reserved 1069056K
  class space    used 2392K, capacity 2524K, committed 2560K, reserved 1048576K
}
Event: 7.465 GC heap before
{Heap before GC invocations=23 (full 0):
 garbage-first heap   total 196608K, used 96632K [0x0000000700000000, 0x0000000700100600, 0x00000007c0000000)
  region size 1024K, 10 young (10240K), 3 survivors (3072K)
 Metaspace       used 21894K, capacity 22452K, committed 22704K, reserved 1069056K
  class space    used 2392K, capacity 2524K, committed 2560K, reserved 1048576K
}
Event: 7.467 GC heap after
{Heap after GC invocations=24 (full 0):
 garbage-first heap   total 196608K, used 16947K [0x0000000700000000, 0x0000000700100600, 0x00000007c0000000)
  region size 1024K, 3 young (3072K), 3 survivors (3072K)
 Metaspace       used 21894K, capacity 22452K, committed 22704K, reserved 1069056K
  class space    used 2392K, capacity 2524K, committed 2560K, reserved 1048576K
}
Event: 7.534 GC heap before
{Heap before GC invocations=25 (full 0):
 garbage-first heap   total 196608K, used 96819K [0x0000000700000000, 0x0000000700100600, 0x00000007c0000000)
  region size 1024K, 10 young (10240K), 3 survivors (3072K)
 Metaspace       used 21894K, capacity 22452K, committed 22704K, reserved 1069056K
  class space    used 2392K, capacity 2524K, committed 2560K, reserved 1048576K
}
Event: 7.538 GC heap after
{Heap after GC invocations=26 (full 0):
 garbage-first heap   total 196608K, used 17343K [0x0000000700000000, 0x0000000700100600, 0x00000007c0000000)
  region size 1024K, 4 young (4096K), 4 survivors (4096K)
 Metaspace       used 21894K, capacity 22452K, committed 22704K, reserved 1069056K
  class space    used 2392K, capacity 2524K, committed 2560K, reserved 1048576K
}
Event: 7.600 GC heap before
{Heap before GC invocations=27 (full 0):
 garbage-first heap   total 196608K, used 96191K [0x0000000700000000, 0x0000000700100600, 0x00000007c0000000)
  region size 1024K, 10 young (10240K), 4 survivors (4096K)
 Metaspace       used 21894K, capacity 22452K, committed 22704K, reserved 1069056K
  class space    used 2392K, capacity 2524K, committed 2560K, reserved 1048576K
}
Event: 7.604 GC heap after
{Heap after GC invocations=28 (full 0):
 garbage-first heap   total 196608K, used 17430K [0x0000000700000000, 0x0000000700100600, 0x00000007c0000000)
  region size 1024K, 4 young (4096K), 4 survivors (4096K)
 Metaspace       used 21894K, capacity 22452K, committed 22704K, reserved 1069056K
  class space    used 2392K, capacity 2524K, committed 2560K, reserved 1048576K
}
Event: 11.414 GC heap before
{Heap before GC invocations=29 (full 0):
 garbage-first heap   total 196608K, used 155670K [0x0000000700000000, 0x0000000700100600, 0x00000007c0000000)
  region size 1024K, 79 young (80896K), 4 survivors (4096K)
 Metaspace       used 36601K, capacity 37790K, committed 37840K, reserved 1083392K
  class space    used 4058K, capacity 4326K, committed 4352K, reserved 1048576K
}
Event: 11.433 GC heap after
{Heap after GC invocations=30 (full 0):
 garbage-first heap   total 196608K, used 27312K [0x0000000700000000, 0x0000000700100600, 0x00000007c0000000)
  region size 1024K, 11 young (11264K), 11 survivors (11264K)
 Metaspace       used 36601K, capacity 37790K, committed 37840K, reserved 1083392K
  class space    used 4058K, capacity 4326K, committed 4352K, reserved 1048576K
}
Event: 14.926 GC heap before
{Heap before GC invocations=31 (full 0):
 garbage-first heap   total 196608K, used 136880K [0x0000000700000000, 0x0000000700100600, 0x00000007c0000000)
  region size 1024K, 84 young (86016K), 11 survivors (11264K)
 Metaspace       used 50072K, capacity 52656K, committed 52764K, reserved 1101824K
  class space    used 5660K, capacity 6170K, committed 6220K, reserved 1048576K
}

